2021-05-11 10-37-54 - urllib3.connectionpool - DEBUG - Starting new HTTP connection (1): apis.juhe.cn:80
2021-05-11 10-37-54 - urllib3.connectionpool - DEBUG - http://apis.juhe.cn:80 "POST /mobile/get HTTP/1.1" 200 None
2021-05-11 10-37-54 - urllib3.connectionpool - DEBUG - Starting new HTTP connection (1): apis.juhe.cn:80
2021-05-11 10-37-55 - urllib3.connectionpool - DEBUG - http://apis.juhe.cn:80 "POST /mobile/get HTTP/1.1" 200 None
2021-05-11 10-37-55 - root - DEBUG - method:post，URL:/mobile/get，data:{"phone": "17323119716", "dtype": "json", "key": "39fcc171d1ee07887e8fe34ea5b40789"}，最终结果:{'resultcode': '200', 'reason': 'Return Successd!', 'result': {'province': '四川', 'city': '成都', 'areacode': '028', 'zip': '610000', 'company': '电信', 'card': ''}, 'error_code': 0}
2021-05-11 10-37-55 - urllib3.connectionpool - DEBUG - Starting new HTTP connection (1): apis.juhe.cn:80
2021-05-11 10-37-55 - urllib3.connectionpool - DEBUG - http://apis.juhe.cn:80 "POST /mobile/get HTTP/1.1" 200 None
2021-05-11 10-37-55 - urllib3.connectionpool - DEBUG - Starting new HTTP connection (1): apis.juhe.cn:80
2021-05-11 10-37-55 - urllib3.connectionpool - DEBUG - http://apis.juhe.cn:80 "POST /mobile/get HTTP/1.1" 200 None
2021-05-11 10-39-21 - urllib3.connectionpool - DEBUG - Starting new HTTP connection (1): apis.juhe.cn:80
2021-05-11 10-39-21 - urllib3.connectionpool - DEBUG - http://apis.juhe.cn:80 "POST /mobile/get HTTP/1.1" 200 None
2021-05-11 10-39-21 - urllib3.connectionpool - DEBUG - Starting new HTTP connection (1): apis.juhe.cn:80
2021-05-11 10-39-21 - urllib3.connectionpool - DEBUG - http://apis.juhe.cn:80 "POST /mobile/get HTTP/1.1" 200 None
2021-05-11 10-39-21 - root - DEBUG - method:post，URL:/mobile/get，data:{"phone": "17323119716", "dtype": "json", "key": "39fcc171d1ee07887e8fe34ea5b40789"}，最终结果:{'resultcode': '200', 'reason': 'Return Successd!', 'result': {'province': '四川', 'city': '成都', 'areacode': '028', 'zip': '610000', 'company': '电信', 'card': ''}, 'error_code': 0}
2021-05-11 10-39-21 - urllib3.connectionpool - DEBUG - Starting new HTTP connection (1): apis.juhe.cn:80
2021-05-11 10-39-21 - urllib3.connectionpool - DEBUG - http://apis.juhe.cn:80 "POST /mobile/get HTTP/1.1" 200 None
2021-05-11 10-39-21 - urllib3.connectionpool - DEBUG - Starting new HTTP connection (1): apis.juhe.cn:80
2021-05-11 10-39-21 - urllib3.connectionpool - DEBUG - http://apis.juhe.cn:80 "POST /mobile/get HTTP/1.1" 200 None
2021-05-11 10-39-21 - root - DEBUG - method:post，URL:/mobile/get，data:{"phone": "123", "dtype": "json", "key": "39fcc171d1ee07887e8fe34ea5b40789"}，最终结果:{'resultcode': '202', 'reason': 'Wrong phone number!', 'result': None, 'error_code': 201102}
2021-05-11 10-40-46 - urllib3.connectionpool - DEBUG - Starting new HTTP connection (1): apis.juhe.cn:80
2021-05-11 10-40-46 - urllib3.connectionpool - DEBUG - http://apis.juhe.cn:80 "POST /mobile/get HTTP/1.1" 200 None
2021-05-11 10-40-46 - urllib3.connectionpool - DEBUG - Starting new HTTP connection (1): apis.juhe.cn:80
2021-05-11 10-40-46 - urllib3.connectionpool - DEBUG - http://apis.juhe.cn:80 "POST /mobile/get HTTP/1.1" 200 None
2021-05-11 10-40-46 - root - DEBUG - method:post，URL:/mobile/get，data:{"phone": "17323119716", "dtype": "json", "key": "39fcc171d1ee07887e8fe34ea5b40789"}，最终结果:{'resultcode': '200', 'reason': 'Return Successd!', 'result': {'province': '四川', 'city': '成都', 'areacode': '028', 'zip': '610000', 'company': '电信', 'card': ''}, 'error_code': 0}
2021-05-11 10-40-46 - urllib3.connectionpool - DEBUG - Starting new HTTP connection (1): apis.juhe.cn:80
2021-05-11 10-40-46 - urllib3.connectionpool - DEBUG - http://apis.juhe.cn:80 "POST /mobile/get HTTP/1.1" 200 None
2021-05-11 10-40-46 - urllib3.connectionpool - DEBUG - Starting new HTTP connection (1): apis.juhe.cn:80
2021-05-11 10-40-47 - urllib3.connectionpool - DEBUG - http://apis.juhe.cn:80 "POST /mobile/get HTTP/1.1" 200 None
2021-05-11 10-40-47 - root - DEBUG - method:post，URL:/mobile/get，data:{"phone": "123", "dtype": "json", "key": "39fcc171d1ee07887e8fe34ea5b40789"}，最终结果:{'resultcode': '202', 'reason': 'Wrong phone number!', 'result': None, 'error_code': 201102}
2021-05-11 11-42-23 - urllib3.connectionpool - DEBUG - Starting new HTTP connection (1): apis.juhe.cn:80
2021-05-11 11-42-23 - urllib3.connectionpool - DEBUG - http://apis.juhe.cn:80 "POST /mobile/get HTTP/1.1" 200 None
2021-05-11 11-42-23 - urllib3.connectionpool - DEBUG - Starting new HTTP connection (1): apis.juhe.cn:80
2021-05-11 11-42-23 - urllib3.connectionpool - DEBUG - http://apis.juhe.cn:80 "POST /mobile/get HTTP/1.1" 200 None
2021-05-11 11-42-23 - root - DEBUG - method:post，URL:/mobile/get，data:{"phone": "17323119716", "dtype": "json", "key": "39fcc171d1ee07887e8fe34ea5b40789"}，最终结果:{'resultcode': '200', 'reason': 'Return Successd!', 'result': {'province': '四川', 'city': '成都', 'areacode': '028', 'zip': '610000', 'company': '电信', 'card': ''}, 'error_code': 0}
2021-05-11 11-42-24 - urllib3.connectionpool - DEBUG - Starting new HTTP connection (1): apis.juhe.cn:80
2021-05-11 11-42-24 - urllib3.connectionpool - DEBUG - http://apis.juhe.cn:80 "POST /mobile/get HTTP/1.1" 200 None
2021-05-11 11-42-24 - urllib3.connectionpool - DEBUG - Starting new HTTP connection (1): apis.juhe.cn:80
2021-05-11 11-42-24 - urllib3.connectionpool - DEBUG - http://apis.juhe.cn:80 "POST /mobile/get HTTP/1.1" 200 None
2021-05-11 11-42-24 - root - DEBUG - method:post，URL:/mobile/get，data:{"phone": "123", "dtype": "json", "key": "39fcc171d1ee07887e8fe34ea5b40789"}，最终结果:{'resultcode': '202', 'reason': 'Wrong phone number!', 'result': None, 'error_code': 201102}
2021-05-11 11-42-45 - urllib3.connectionpool - DEBUG - Starting new HTTP connection (1): apis.juhe.cn:80
2021-05-11 11-42-45 - urllib3.connectionpool - DEBUG - http://apis.juhe.cn:80 "POST /mobile/get HTTP/1.1" 200 None
2021-05-11 11-42-45 - urllib3.connectionpool - DEBUG - Starting new HTTP connection (1): apis.juhe.cn:80
2021-05-11 11-42-45 - urllib3.connectionpool - DEBUG - http://apis.juhe.cn:80 "POST /mobile/get HTTP/1.1" 200 None
2021-05-11 11-42-45 - root - DEBUG - method:post，URL:/mobile/get，data:{"phone": "17323119716", "dtype": "json", "key": "39fcc171d1ee07887e8fe34ea5b40789"}，最终结果:{'resultcode': '200', 'reason': 'Return Successd!', 'result': {'province': '四川', 'city': '成都', 'areacode': '028', 'zip': '610000', 'company': '电信', 'card': ''}, 'error_code': 0}
2021-05-11 11-42-45 - urllib3.connectionpool - DEBUG - Starting new HTTP connection (1): apis.juhe.cn:80
2021-05-11 11-42-45 - urllib3.connectionpool - DEBUG - http://apis.juhe.cn:80 "POST /mobile/get HTTP/1.1" 200 None
2021-05-11 11-42-45 - urllib3.connectionpool - DEBUG - Starting new HTTP connection (1): apis.juhe.cn:80
2021-05-11 11-42-45 - urllib3.connectionpool - DEBUG - http://apis.juhe.cn:80 "POST /mobile/get HTTP/1.1" 200 None
2021-05-11 11-42-45 - root - DEBUG - method:post，URL:/mobile/get，data:{"phone": "123", "dtype": "json", "key": "39fcc171d1ee07887e8fe34ea5b40789"}，最终结果:{'resultcode': '202', 'reason': 'Wrong phone number!', 'result': None, 'error_code': 201102}
2021-05-11 11-42-59 - urllib3.connectionpool - DEBUG - Starting new HTTP connection (1): apis.juhe.cn:80
2021-05-11 11-42-59 - urllib3.connectionpool - DEBUG - http://apis.juhe.cn:80 "POST /mobile/get HTTP/1.1" 200 None
2021-05-11 11-42-59 - urllib3.connectionpool - DEBUG - Starting new HTTP connection (1): apis.juhe.cn:80
2021-05-11 11-42-59 - urllib3.connectionpool - DEBUG - http://apis.juhe.cn:80 "POST /mobile/get HTTP/1.1" 200 None
2021-05-11 11-42-59 - root - DEBUG - method:post，URL:/mobile/get，data:{"phone": "17323119716", "dtype": "json", "key": "39fcc171d1ee07887e8fe34ea5b40789"}，最终结果:{'resultcode': '200', 'reason': 'Return Successd!', 'result': {'province': '四川', 'city': '成都', 'areacode': '028', 'zip': '610000', 'company': '电信', 'card': ''}, 'error_code': 0}
2021-05-11 11-42-59 - urllib3.connectionpool - DEBUG - Starting new HTTP connection (1): apis.juhe.cn:80
2021-05-11 11-42-59 - urllib3.connectionpool - DEBUG - http://apis.juhe.cn:80 "POST /mobile/get HTTP/1.1" 200 None
2021-05-11 11-42-59 - urllib3.connectionpool - DEBUG - Starting new HTTP connection (1): apis.juhe.cn:80
2021-05-11 11-42-59 - urllib3.connectionpool - DEBUG - http://apis.juhe.cn:80 "POST /mobile/get HTTP/1.1" 200 None
2021-05-11 11-42-59 - root - DEBUG - method:post，URL:/mobile/get，data:{"phone": "123", "dtype": "json", "key": "39fcc171d1ee07887e8fe34ea5b40789"}，最终结果:{'resultcode': '202', 'reason': 'Wrong phone number!', 'result': None, 'error_code': 201102}
2021-05-11 14-32-44 - urllib3.connectionpool - DEBUG - Starting new HTTP connection (1): apis.juhe.cn:80
2021-05-11 14-32-44 - urllib3.connectionpool - DEBUG - http://apis.juhe.cn:80 "POST /mobile/get HTTP/1.1" 200 None
2021-05-11 14-32-44 - urllib3.connectionpool - DEBUG - Starting new HTTP connection (1): apis.juhe.cn:80
2021-05-11 14-32-44 - urllib3.connectionpool - DEBUG - http://apis.juhe.cn:80 "POST /mobile/get HTTP/1.1" 200 None
2021-05-11 14-32-44 - root - DEBUG - method:post，URL:/mobile/get，data:{"phone": "17323119716", "dtype": "json", "key": "39fcc171d1ee07887e8fe34ea5b40789"}，最终结果:{'resultcode': '200', 'reason': 'Return Successd!', 'result': {'province': '四川', 'city': '成都', 'areacode': '028', 'zip': '610000', 'company': '电信', 'card': ''}, 'error_code': 0}
2021-05-11 14-32-44 - urllib3.connectionpool - DEBUG - Starting new HTTP connection (1): apis.juhe.cn:80
2021-05-11 14-32-44 - urllib3.connectionpool - DEBUG - http://apis.juhe.cn:80 "POST /mobile/get HTTP/1.1" 200 None
2021-05-11 14-32-44 - urllib3.connectionpool - DEBUG - Starting new HTTP connection (1): apis.juhe.cn:80
2021-05-11 14-32-45 - urllib3.connectionpool - DEBUG - http://apis.juhe.cn:80 "POST /mobile/get HTTP/1.1" 200 None
2021-05-11 14-32-45 - root - DEBUG - method:post，URL:/mobile/get，data:{"phone": "123", "dtype": "json", "key": "39fcc171d1ee07887e8fe34ea5b40789"}，最终结果:{'resultcode': '202', 'reason': 'Wrong phone number!', 'result': None, 'error_code': 201102}
2021-05-11 14-37-56 - urllib3.connectionpool - DEBUG - Starting new HTTP connection (1): apis.juhe.cn:80
2021-05-11 14-37-56 - urllib3.connectionpool - DEBUG - http://apis.juhe.cn:80 "POST /mobile/get HTTP/1.1" 200 None
2021-05-11 14-37-56 - urllib3.connectionpool - DEBUG - Starting new HTTP connection (1): apis.juhe.cn:80
2021-05-11 14-37-56 - urllib3.connectionpool - DEBUG - http://apis.juhe.cn:80 "POST /mobile/get HTTP/1.1" 200 None
2021-05-11 14-37-56 - root - DEBUG - method:post，URL:/mobile/get，data:{"phone": "17323119716", "dtype": "json", "key": "39fcc171d1ee07887e8fe34ea5b40789"}，最终结果:{'resultcode': '200', 'reason': 'Return Successd!', 'result': {'province': '四川', 'city': '成都', 'areacode': '028', 'zip': '610000', 'company': '电信', 'card': ''}, 'error_code': 0}
2021-05-11 14-37-56 - urllib3.connectionpool - DEBUG - Starting new HTTP connection (1): apis.juhe.cn:80
2021-05-11 14-37-58 - urllib3.connectionpool - DEBUG - http://apis.juhe.cn:80 "POST /mobile/get HTTP/1.1" 200 None
2021-05-11 14-37-58 - urllib3.connectionpool - DEBUG - Starting new HTTP connection (1): apis.juhe.cn:80
2021-05-11 14-37-58 - urllib3.connectionpool - DEBUG - http://apis.juhe.cn:80 "POST /mobile/get HTTP/1.1" 200 None
2021-05-11 14-37-58 - root - DEBUG - method:post，URL:/mobile/get，data:{"phone": "123", "dtype": "json", "key": "39fcc171d1ee07887e8fe34ea5b40789"}，最终结果:{'resultcode': '202', 'reason': 'Wrong phone number!', 'result': None, 'error_code': 201102}
2021-05-11 14-38-21 - urllib3.connectionpool - DEBUG - Starting new HTTP connection (1): apis.juhe.cn:80
2021-05-11 14-38-21 - urllib3.connectionpool - DEBUG - http://apis.juhe.cn:80 "POST /mobile/get HTTP/1.1" 200 None
2021-05-11 14-38-21 - urllib3.connectionpool - DEBUG - Starting new HTTP connection (1): apis.juhe.cn:80
2021-05-11 14-38-21 - urllib3.connectionpool - DEBUG - http://apis.juhe.cn:80 "POST /mobile/get HTTP/1.1" 200 None
2021-05-11 14-38-21 - root - DEBUG - method:post，URL:/mobile/get，data:{"phone": "17323119716", "dtype": "json", "key": "39fcc171d1ee07887e8fe34ea5b40789"}，最终结果:{'resultcode': '200', 'reason': 'Return Successd!', 'result': {'province': '四川', 'city': '成都', 'areacode': '028', 'zip': '610000', 'company': '电信', 'card': ''}, 'error_code': 0}
2021-05-11 14-38-21 - urllib3.connectionpool - DEBUG - Starting new HTTP connection (1): apis.juhe.cn:80
2021-05-11 14-38-21 - urllib3.connectionpool - DEBUG - http://apis.juhe.cn:80 "POST /mobile/get HTTP/1.1" 200 None
2021-05-11 14-38-21 - urllib3.connectionpool - DEBUG - Starting new HTTP connection (1): apis.juhe.cn:80
2021-05-11 14-38-22 - urllib3.connectionpool - DEBUG - http://apis.juhe.cn:80 "POST /mobile/get HTTP/1.1" 200 None
2021-05-11 14-38-22 - root - DEBUG - method:post，URL:/mobile/get，data:{"phone": "123", "dtype": "json", "key": "39fcc171d1ee07887e8fe34ea5b40789"}，最终结果:{'resultcode': '202', 'reason': 'Wrong phone number!', 'result': None, 'error_code': 201102}
2021-05-11 20-30-46 - urllib3.connectionpool - DEBUG - Starting new HTTP connection (1): apis.juhe.cn:80
2021-05-11 20-30-47 - urllib3.connectionpool - DEBUG - http://apis.juhe.cn:80 "POST /mobile/get HTTP/1.1" 200 None
2021-05-11 20-30-47 - urllib3.connectionpool - DEBUG - Starting new HTTP connection (1): apis.juhe.cn:80
2021-05-11 20-30-48 - urllib3.connectionpool - DEBUG - http://apis.juhe.cn:80 "POST /mobile/get HTTP/1.1" 200 None
2021-05-11 20-30-48 - root - DEBUG - method:post，URL:/mobile/get，data:{"phone": "17323119716", "dtype": "json", "key": "39fcc171d1ee07887e8fe34ea5b40789"}，最终结果:{'resultcode': '200', 'reason': 'Return Successd!', 'result': {'province': '四川', 'city': '成都', 'areacode': '028', 'zip': '610000', 'company': '电信', 'card': ''}, 'error_code': 0}
2021-05-11 20-30-48 - urllib3.connectionpool - DEBUG - Starting new HTTP connection (1): apis.juhe.cn:80
2021-05-11 20-30-48 - urllib3.connectionpool - DEBUG - http://apis.juhe.cn:80 "POST /mobile/get HTTP/1.1" 200 None
2021-05-11 20-30-48 - urllib3.connectionpool - DEBUG - Starting new HTTP connection (1): apis.juhe.cn:80
2021-05-11 20-30-48 - urllib3.connectionpool - DEBUG - http://apis.juhe.cn:80 "POST /mobile/get HTTP/1.1" 200 None
2021-05-11 20-30-48 - root - DEBUG - method:post，URL:/mobile/get，data:{"phone": "123", "dtype": "json", "key": "39fcc171d1ee07887e8fe34ea5b40789"}，最终结果:{'resultcode': '202', 'reason': 'Wrong phone number!', 'result': None, 'error_code': 201102}
2021-05-11 20-33-28 - urllib3.connectionpool - DEBUG - Starting new HTTP connection (1): apis.juhe.cn:80
2021-05-11 20-33-28 - urllib3.connectionpool - DEBUG - http://apis.juhe.cn:80 "POST /mobile/get HTTP/1.1" 200 None
2021-05-11 20-33-28 - urllib3.connectionpool - DEBUG - Starting new HTTP connection (1): apis.juhe.cn:80
2021-05-11 20-33-28 - urllib3.connectionpool - DEBUG - http://apis.juhe.cn:80 "POST /mobile/get HTTP/1.1" 200 None
2021-05-11 20-33-28 - root - DEBUG - method:post，URL:/mobile/get，data:{"phone": "17323119716", "dtype": "json", "key": "39fcc171d1ee07887e8fe34ea5b40789"}，最终结果:{'resultcode': '200', 'reason': 'Return Successd!', 'result': {'province': '四川', 'city': '成都', 'areacode': '028', 'zip': '610000', 'company': '电信', 'card': ''}, 'error_code': 0}
2021-05-11 20-33-28 - urllib3.connectionpool - DEBUG - Starting new HTTP connection (1): apis.juhe.cn:80
2021-05-11 20-33-28 - urllib3.connectionpool - DEBUG - http://apis.juhe.cn:80 "POST /mobile/get HTTP/1.1" 200 None
2021-05-11 20-33-28 - urllib3.connectionpool - DEBUG - Starting new HTTP connection (1): apis.juhe.cn:80
2021-05-11 20-33-29 - urllib3.connectionpool - DEBUG - http://apis.juhe.cn:80 "POST /mobile/get HTTP/1.1" 200 None
2021-05-11 20-33-29 - root - DEBUG - method:post，URL:/mobile/get，data:{"phone": "123", "dtype": "json", "key": "39fcc171d1ee07887e8fe34ea5b40789"}，最终结果:{'resultcode': '202', 'reason': 'Wrong phone number!', 'result': None, 'error_code': 201102}
2021-05-11 20-34-03 - urllib3.connectionpool - DEBUG - Starting new HTTP connection (1): apis.juhe.cn:80
2021-05-11 20-34-04 - urllib3.connectionpool - DEBUG - http://apis.juhe.cn:80 "POST /mobile/get HTTP/1.1" 200 None
2021-05-11 20-34-04 - urllib3.connectionpool - DEBUG - Starting new HTTP connection (1): apis.juhe.cn:80
2021-05-11 20-34-04 - urllib3.connectionpool - DEBUG - http://apis.juhe.cn:80 "POST /mobile/get HTTP/1.1" 200 None
2021-05-11 20-34-04 - root - DEBUG - method:post，URL:/mobile/get，data:{"phone": "17323119716", "dtype": "json", "key": "39fcc171d1ee07887e8fe34ea5b40789"}，最终结果:{'resultcode': '200', 'reason': 'Return Successd!', 'result': {'province': '四川', 'city': '成都', 'areacode': '028', 'zip': '610000', 'company': '电信', 'card': ''}, 'error_code': 0}
2021-05-11 20-34-04 - urllib3.connectionpool - DEBUG - Starting new HTTP connection (1): apis.juhe.cn:80
2021-05-11 20-34-05 - urllib3.connectionpool - DEBUG - http://apis.juhe.cn:80 "POST /mobile/get HTTP/1.1" 200 None
2021-05-11 20-34-05 - urllib3.connectionpool - DEBUG - Starting new HTTP connection (1): apis.juhe.cn:80
2021-05-11 20-34-05 - urllib3.connectionpool - DEBUG - http://apis.juhe.cn:80 "POST /mobile/get HTTP/1.1" 200 None
2021-05-11 20-34-05 - root - DEBUG - method:post，URL:/mobile/get，data:{"phone": "123", "dtype": "json", "key": "39fcc171d1ee07887e8fe34ea5b40789"}，最终结果:{'resultcode': '202', 'reason': 'Wrong phone number!', 'result': None, 'error_code': 201102}
2021-05-11 20-34-54 - urllib3.connectionpool - DEBUG - Starting new HTTP connection (1): apis.juhe.cn:80
2021-05-11 20-34-54 - urllib3.connectionpool - DEBUG - http://apis.juhe.cn:80 "POST /mobile/get HTTP/1.1" 200 None
2021-05-11 20-34-54 - urllib3.connectionpool - DEBUG - Starting new HTTP connection (1): apis.juhe.cn:80
2021-05-11 20-34-54 - urllib3.connectionpool - DEBUG - http://apis.juhe.cn:80 "POST /mobile/get HTTP/1.1" 200 None
2021-05-11 20-34-54 - root - DEBUG - method:post，URL:/mobile/get，data:{"phone": "17323119716", "dtype": "json", "key": "39fcc171d1ee07887e8fe34ea5b40789"}，最终结果:{'resultcode': '200', 'reason': 'Return Successd!', 'result': {'province': '四川', 'city': '成都', 'areacode': '028', 'zip': '610000', 'company': '电信', 'card': ''}, 'error_code': 0}
2021-05-11 20-34-55 - urllib3.connectionpool - DEBUG - Starting new HTTP connection (1): apis.juhe.cn:80
2021-05-11 20-34-55 - urllib3.connectionpool - DEBUG - http://apis.juhe.cn:80 "POST /mobile/get HTTP/1.1" 200 None
2021-05-11 20-34-55 - urllib3.connectionpool - DEBUG - Starting new HTTP connection (1): apis.juhe.cn:80
2021-05-11 20-34-55 - urllib3.connectionpool - DEBUG - http://apis.juhe.cn:80 "POST /mobile/get HTTP/1.1" 200 None
2021-05-11 20-34-55 - root - DEBUG - method:post，URL:/mobile/get，data:{"phone": "123", "dtype": "json", "key": "39fcc171d1ee07887e8fe34ea5b40789"}，最终结果:{'resultcode': '202', 'reason': 'Wrong phone number!', 'result': None, 'error_code': 201102}
2021-05-11 20-35-54 - urllib3.connectionpool - DEBUG - Starting new HTTP connection (1): apis.juhe.cn:80
2021-05-11 20-35-55 - urllib3.connectionpool - DEBUG - http://apis.juhe.cn:80 "POST /mobile/get HTTP/1.1" 200 None
2021-05-11 20-35-55 - urllib3.connectionpool - DEBUG - Starting new HTTP connection (1): apis.juhe.cn:80
2021-05-11 20-35-55 - urllib3.connectionpool - DEBUG - http://apis.juhe.cn:80 "POST /mobile/get HTTP/1.1" 200 None
2021-05-11 20-35-55 - root - DEBUG - method:post，URL:/mobile/get，data:{"phone": "17323119716", "dtype": "json", "key": "39fcc171d1ee07887e8fe34ea5b40789"}，最终结果:{'resultcode': '200', 'reason': 'Return Successd!', 'result': {'province': '四川', 'city': '成都', 'areacode': '028', 'zip': '610000', 'company': '电信', 'card': ''}, 'error_code': 0}
2021-05-11 20-35-55 - urllib3.connectionpool - DEBUG - Starting new HTTP connection (1): apis.juhe.cn:80
2021-05-11 20-35-55 - urllib3.connectionpool - DEBUG - http://apis.juhe.cn:80 "POST /mobile/get HTTP/1.1" 200 None
2021-05-11 20-35-55 - urllib3.connectionpool - DEBUG - Starting new HTTP connection (1): apis.juhe.cn:80
2021-05-11 20-35-55 - urllib3.connectionpool - DEBUG - http://apis.juhe.cn:80 "POST /mobile/get HTTP/1.1" 200 None
2021-05-11 20-35-55 - root - DEBUG - method:post，URL:/mobile/get，data:{"phone": "123", "dtype": "json", "key": "39fcc171d1ee07887e8fe34ea5b40789"}，最终结果:{'resultcode': '202', 'reason': 'Wrong phone number!', 'result': None, 'error_code': 201102}
2021-05-11 20-44-00 - urllib3.connectionpool - DEBUG - Starting new HTTP connection (1): apis.juhe.cn:80
2021-05-11 20-44-01 - urllib3.connectionpool - DEBUG - http://apis.juhe.cn:80 "POST /mobile/get HTTP/1.1" 200 None
2021-05-11 20-44-01 - urllib3.connectionpool - DEBUG - Starting new HTTP connection (1): apis.juhe.cn:80
2021-05-11 20-44-01 - urllib3.connectionpool - DEBUG - http://apis.juhe.cn:80 "POST /mobile/get HTTP/1.1" 200 None
2021-05-11 20-44-01 - root - DEBUG - method:post，URL:/mobile/get，data:{"phone": "17323119716", "dtype": "json", "key": "39fcc171d1ee07887e8fe34ea5b40789"}，最终结果:{'resultcode': '112', 'reason': '超过每日可允许请求次数', 'result': None, 'error_code': 10012}
2021-05-11 20-44-01 - urllib3.connectionpool - DEBUG - Starting new HTTP connection (1): apis.juhe.cn:80
2021-05-11 20-44-01 - urllib3.connectionpool - DEBUG - http://apis.juhe.cn:80 "POST /mobile/get HTTP/1.1" 200 None
2021-05-11 20-44-01 - urllib3.connectionpool - DEBUG - Starting new HTTP connection (1): apis.juhe.cn:80
2021-05-11 20-44-01 - urllib3.connectionpool - DEBUG - http://apis.juhe.cn:80 "POST /mobile/get HTTP/1.1" 200 None
2021-05-11 20-44-01 - root - DEBUG - method:post，URL:/mobile/get，data:{"phone": "123", "dtype": "json", "key": "39fcc171d1ee07887e8fe34ea5b40789"}，最终结果:{'resultcode': '112', 'reason': '超过每日可允许请求次数!', 'result': None, 'error_code': 10012}
2021-05-11 20-46-38 - urllib3.connectionpool - DEBUG - Starting new HTTP connection (1): apis.juhe.cn:80
2021-05-11 20-46-39 - urllib3.connectionpool - DEBUG - http://apis.juhe.cn:80 "POST /mobile/get HTTP/1.1" 200 None
2021-05-11 20-46-39 - urllib3.connectionpool - DEBUG - Starting new HTTP connection (1): apis.juhe.cn:80
2021-05-11 20-46-39 - urllib3.connectionpool - DEBUG - http://apis.juhe.cn:80 "POST /mobile/get HTTP/1.1" 200 None
2021-05-11 20-46-39 - root - DEBUG - method:post，URL:/mobile/get，data:{"phone": "17323119716", "dtype": "json", "key": "39fcc171d1ee07887e8fe34ea5b40789"}，最终结果:{'resultcode': '112', 'reason': '超过每日可允许请求次数!', 'result': None, 'error_code': 10012}
2021-05-11 20-46-39 - urllib3.connectionpool - DEBUG - Starting new HTTP connection (1): apis.juhe.cn:80
2021-05-11 20-46-39 - urllib3.connectionpool - DEBUG - http://apis.juhe.cn:80 "POST /mobile/get HTTP/1.1" 200 None
2021-05-11 20-46-39 - urllib3.connectionpool - DEBUG - Starting new HTTP connection (1): apis.juhe.cn:80
2021-05-11 20-46-39 - urllib3.connectionpool - DEBUG - http://apis.juhe.cn:80 "POST /mobile/get HTTP/1.1" 200 None
2021-05-11 20-46-40 - root - DEBUG - method:post，URL:/mobile/get，data:{"phone": "123", "dtype": "json", "key": "39fcc171d1ee07887e8fe34ea5b40789"}，最终结果:{'resultcode': '112', 'reason': '超过每日可允许请求次数!', 'result': None, 'error_code': 10012}
2021-05-11 21-13-33 - urllib3.connectionpool - DEBUG - Starting new HTTP connection (1): apis.juhe.cn:80
2021-05-11 21-13-34 - urllib3.connectionpool - DEBUG - http://apis.juhe.cn:80 "POST /mobile/get HTTP/1.1" 200 None
2021-05-11 21-13-34 - urllib3.connectionpool - DEBUG - Starting new HTTP connection (1): apis.juhe.cn:80
2021-05-11 21-13-34 - urllib3.connectionpool - DEBUG - http://apis.juhe.cn:80 "POST /mobile/get HTTP/1.1" 200 None
2021-05-11 21-13-34 - root - DEBUG - method:post，URL:/mobile/get，data:{"phone": "17323119716", "dtype": "json", "key": "39fcc171d1ee07887e8fe34ea5b40789"}，最终结果:{'resultcode': '112', 'reason': '超过每日可允许请求次数!', 'result': None, 'error_code': 10012}
2021-05-11 21-13-34 - urllib3.connectionpool - DEBUG - Starting new HTTP connection (1): apis.juhe.cn:80
2021-05-11 21-13-34 - urllib3.connectionpool - DEBUG - http://apis.juhe.cn:80 "POST /mobile/get HTTP/1.1" 200 None
2021-05-11 21-13-34 - urllib3.connectionpool - DEBUG - Starting new HTTP connection (1): apis.juhe.cn:80
2021-05-11 21-13-34 - urllib3.connectionpool - DEBUG - http://apis.juhe.cn:80 "POST /mobile/get HTTP/1.1" 200 None
2021-05-11 21-13-34 - root - DEBUG - method:post，URL:/mobile/get，data:{"phone": "123", "dtype": "json", "key": "39fcc171d1ee07887e8fe34ea5b40789"}，最终结果:{'resultcode': '112', 'reason': '超过每日可允许请求次数!', 'result': None, 'error_code': 10012}
2021-05-11 21-13-55 - urllib3.connectionpool - DEBUG - Starting new HTTP connection (1): apis.juhe.cn:80
2021-05-11 21-13-55 - urllib3.connectionpool - DEBUG - http://apis.juhe.cn:80 "POST /mobile/get HTTP/1.1" 200 None
2021-05-11 21-13-55 - urllib3.connectionpool - DEBUG - Starting new HTTP connection (1): apis.juhe.cn:80
2021-05-11 21-13-55 - urllib3.connectionpool - DEBUG - http://apis.juhe.cn:80 "POST /mobile/get HTTP/1.1" 200 None
2021-05-11 21-13-55 - root - DEBUG - method:post，URL:/mobile/get，data:{"phone": "17323119716", "dtype": "json", "key": "39fcc171d1ee07887e8fe34ea5b40789"}，最终结果:{'resultcode': '112', 'reason': '超过每日可允许请求次数!', 'result': None, 'error_code': 10012}
2021-05-11 21-13-55 - urllib3.connectionpool - DEBUG - Starting new HTTP connection (1): apis.juhe.cn:80
2021-05-11 21-13-55 - urllib3.connectionpool - DEBUG - http://apis.juhe.cn:80 "POST /mobile/get HTTP/1.1" 200 None
2021-05-11 21-13-55 - urllib3.connectionpool - DEBUG - Starting new HTTP connection (1): apis.juhe.cn:80
2021-05-11 21-13-56 - urllib3.connectionpool - DEBUG - http://apis.juhe.cn:80 "POST /mobile/get HTTP/1.1" 200 None
2021-05-11 21-13-56 - root - DEBUG - method:post，URL:/mobile/get，data:{"phone": "123", "dtype": "json", "key": "39fcc171d1ee07887e8fe34ea5b40789"}，最终结果:{'resultcode': '112', 'reason': '超过每日可允许请求次数!', 'result': None, 'error_code': 10012}
2021-05-11 21-55-13 - urllib3.connectionpool - DEBUG - Starting new HTTP connection (1): apis.juhe.cn:80
2021-05-11 21-55-24 - urllib3.connectionpool - DEBUG - Starting new HTTP connection (1): apis.juhe.cn:80
2021-05-11 21-55-30 - urllib3.connectionpool - DEBUG - Starting new HTTP connection (1): apis.juhe.cn:80
2021-05-11 21-55-36 - urllib3.connectionpool - DEBUG - Starting new HTTP connection (1): apis.juhe.cn:80
2021-05-11 22-18-29 - urllib3.connectionpool - DEBUG - Starting new HTTP connection (1): apis.juhe.cn:80
2021-05-11 22-18-40 - urllib3.connectionpool - DEBUG - Starting new HTTP connection (1): apis.juhe.cn:80
2021-05-11 22-27-52 - urllib3.connectionpool - DEBUG - Starting new HTTP connection (1): apis.juhe.cn:80
2021-05-11 22-27-53 - urllib3.connectionpool - DEBUG - http://apis.juhe.cn:80 "POST /mobile/get HTTP/1.1" 200 None
2021-05-11 22-27-53 - urllib3.connectionpool - DEBUG - Starting new HTTP connection (1): apis.juhe.cn:80
2021-05-11 22-27-53 - urllib3.connectionpool - DEBUG - http://apis.juhe.cn:80 "POST /mobile/get HTTP/1.1" 200 None
2021-05-11 22-27-53 - root - DEBUG - method:post，URL:/mobile/get，data:{"phone": "17323119716", "dtype": "json", "key": "39fcc171d1ee07887e8fe34ea5b40789"}，最终结果:{'resultcode': '112', 'reason': '超过每日可允许请求次数!', 'result': None, 'error_code': 10012}
2021-05-11 22-27-53 - urllib3.connectionpool - DEBUG - Starting new HTTP connection (1): apis.juhe.cn:80
2021-05-11 22-27-53 - urllib3.connectionpool - DEBUG - http://apis.juhe.cn:80 "POST /mobile/get HTTP/1.1" 200 None
2021-05-11 22-27-53 - urllib3.connectionpool - DEBUG - Starting new HTTP connection (1): apis.juhe.cn:80
2021-05-11 22-27-53 - urllib3.connectionpool - DEBUG - http://apis.juhe.cn:80 "POST /mobile/get HTTP/1.1" 200 None
2021-05-11 22-27-53 - root - DEBUG - method:post，URL:/mobile/get，data:{"phone": "123", "dtype": "json", "key": "39fcc171d1ee07887e8fe34ea5b40789"}，最终结果:{'resultcode': '112', 'reason': '超过每日可允许请求次数!', 'result': None, 'error_code': 10012}
2021-05-11 22-29-54 - urllib3.connectionpool - DEBUG - Starting new HTTP connection (1): apis.juhe.cn:80
2021-05-11 22-29-55 - urllib3.connectionpool - DEBUG - http://apis.juhe.cn:80 "POST /mobile/get HTTP/1.1" 200 None
2021-05-11 22-29-55 - urllib3.connectionpool - DEBUG - Starting new HTTP connection (1): apis.juhe.cn:80
2021-05-11 22-29-55 - urllib3.connectionpool - DEBUG - http://apis.juhe.cn:80 "POST /mobile/get HTTP/1.1" 200 None
2021-05-11 22-29-55 - root - DEBUG - method:post，URL:/mobile/get，data:{"phone": "17323119716", "dtype": "json", "key": "39fcc171d1ee07887e8fe34ea5b40789"}，最终结果:{'resultcode': '112', 'reason': '超过每日可允许请求次数!', 'result': None, 'error_code': 10012}
2021-05-11 22-29-55 - urllib3.connectionpool - DEBUG - Starting new HTTP connection (1): apis.juhe.cn:80
2021-05-11 22-29-55 - urllib3.connectionpool - DEBUG - http://apis.juhe.cn:80 "POST /mobile/get HTTP/1.1" 200 None
2021-05-11 22-29-55 - urllib3.connectionpool - DEBUG - Starting new HTTP connection (1): apis.juhe.cn:80
2021-05-11 22-29-55 - urllib3.connectionpool - DEBUG - http://apis.juhe.cn:80 "POST /mobile/get HTTP/1.1" 200 None
2021-05-11 22-29-55 - root - DEBUG - method:post，URL:/mobile/get，data:{"phone": "123", "dtype": "json", "key": "39fcc171d1ee07887e8fe34ea5b40789"}，最终结果:{'resultcode': '112', 'reason': '超过每日可允许请求次数!', 'result': None, 'error_code': 10012}
2021-05-11 22-35-56 - urllib3.connectionpool - DEBUG - Starting new HTTP connection (1): apis.juhe.cn:80
2021-05-11 22-35-56 - urllib3.connectionpool - DEBUG - http://apis.juhe.cn:80 "POST /mobile/get HTTP/1.1" 200 None
2021-05-11 22-35-56 - urllib3.connectionpool - DEBUG - Starting new HTTP connection (1): apis.juhe.cn:80
2021-05-11 22-35-57 - urllib3.connectionpool - DEBUG - http://apis.juhe.cn:80 "POST /mobile/get HTTP/1.1" 200 None
2021-05-11 22-35-57 - root - DEBUG - method:post，URL:/mobile/get，data:{"phone": "17323119716", "dtype": "json", "key": "39fcc171d1ee07887e8fe34ea5b40789"}，最终结果:{'resultcode': '112', 'reason': '超过每日可允许请求次数!', 'result': None, 'error_code': 10012}
2021-05-11 22-35-57 - urllib3.connectionpool - DEBUG - Starting new HTTP connection (1): apis.juhe.cn:80
2021-05-11 22-35-57 - urllib3.connectionpool - DEBUG - http://apis.juhe.cn:80 "POST /mobile/get HTTP/1.1" 200 None
2021-05-11 22-35-57 - urllib3.connectionpool - DEBUG - Starting new HTTP connection (1): apis.juhe.cn:80
2021-05-11 22-35-57 - urllib3.connectionpool - DEBUG - http://apis.juhe.cn:80 "POST /mobile/get HTTP/1.1" 200 None
2021-05-11 22-35-57 - root - DEBUG - method:post，URL:/mobile/get，data:{"phone": "123", "dtype": "json", "key": "39fcc171d1ee07887e8fe34ea5b40789"}，最终结果:{'resultcode': '112', 'reason': '超过每日可允许请求次数!', 'result': None, 'error_code': 10012}
2021-05-11 23-04-40 - urllib3.connectionpool - DEBUG - Starting new HTTP connection (1): apis.juhe.cn:80
2021-05-11 23-04-41 - urllib3.connectionpool - DEBUG - http://apis.juhe.cn:80 "POST /mobile/get HTTP/1.1" 200 None
2021-05-11 23-04-41 - urllib3.connectionpool - DEBUG - Starting new HTTP connection (1): apis.juhe.cn:80
2021-05-11 23-04-41 - urllib3.connectionpool - DEBUG - http://apis.juhe.cn:80 "POST /mobile/get HTTP/1.1" 200 None
2021-05-11 23-04-41 - root - DEBUG - method:post，URL:/mobile/get，data:{"phone": "17323119716", "dtype": "json", "key": "39fcc171d1ee07887e8fe34ea5b40789"}，最终结果:{'resultcode': '112', 'reason': '超过每日可允许请求次数!', 'result': None, 'error_code': 10012}
2021-05-11 23-04-41 - urllib3.connectionpool - DEBUG - Starting new HTTP connection (1): apis.juhe.cn:80
2021-05-11 23-04-41 - urllib3.connectionpool - DEBUG - http://apis.juhe.cn:80 "POST /mobile/get HTTP/1.1" 200 None
2021-05-11 23-04-41 - urllib3.connectionpool - DEBUG - Starting new HTTP connection (1): apis.juhe.cn:80
2021-05-11 23-04-41 - urllib3.connectionpool - DEBUG - http://apis.juhe.cn:80 "POST /mobile/get HTTP/1.1" 200 None
2021-05-11 23-04-41 - root - DEBUG - method:post，URL:/mobile/get，data:{"phone": "123", "dtype": "json", "key": "39fcc171d1ee07887e8fe34ea5b40789"}，最终结果:{'resultcode': '112', 'reason': '超过每日可允许请求次数!', 'result': None, 'error_code': 10012}
2021-05-11 23-06-40 - urllib3.connectionpool - DEBUG - Starting new HTTP connection (1): apis.juhe.cn:80
2021-05-11 23-06-41 - urllib3.connectionpool - DEBUG - http://apis.juhe.cn:80 "POST /mobile/get HTTP/1.1" 200 None
2021-05-11 23-06-41 - urllib3.connectionpool - DEBUG - Starting new HTTP connection (1): apis.juhe.cn:80
2021-05-11 23-06-41 - urllib3.connectionpool - DEBUG - http://apis.juhe.cn:80 "POST /mobile/get HTTP/1.1" 200 None
2021-05-11 23-06-41 - root - DEBUG - method:post，URL:/mobile/get，data:{"phone": "17323119716", "dtype": "json", "key": "39fcc171d1ee07887e8fe34ea5b40789"}，最终结果:{'resultcode': '112', 'reason': '超过每日可允许请求次数!', 'result': None, 'error_code': 10012}
2021-05-11 23-06-41 - urllib3.connectionpool - DEBUG - Starting new HTTP connection (1): apis.juhe.cn:80
2021-05-11 23-06-41 - urllib3.connectionpool - DEBUG - http://apis.juhe.cn:80 "POST /mobile/get HTTP/1.1" 200 None
2021-05-11 23-06-41 - urllib3.connectionpool - DEBUG - Starting new HTTP connection (1): apis.juhe.cn:80
2021-05-11 23-06-41 - urllib3.connectionpool - DEBUG - http://apis.juhe.cn:80 "POST /mobile/get HTTP/1.1" 200 None
2021-05-11 23-06-41 - root - DEBUG - method:post，URL:/mobile/get，data:{"phone": "123", "dtype": "json", "key": "39fcc171d1ee07887e8fe34ea5b40789"}，最终结果:{'resultcode': '112', 'reason': '超过每日可允许请求次数!', 'result': None, 'error_code': 10012}
